<?xml version="1.0" encoding="UTF-8"?>
<robot generator="Robot 3.2.2 (Python 3.8.5 on darwin)" generated="20200912 10:21:14.091" rpa="false">
<suite id="s1" name="Tests" source="/Users/lukehowsam/srv/dev/javascript-regex-validation-form/tests/tests.robot">
<kw name="Run Keywords" library="BuiltIn" type="setup">
<doc>Executes all the given keywords in a sequence.</doc>
<status status="PASS" starttime="20200912 10:21:14.311" endtime="20200912 10:21:14.311"></status>
</kw>
<test id="s1-t1" name="NAME VALIDATION">
<kw name="Open Browser" library="SeleniumLibrary">
<doc>Opens a new browser instance to the optional ``url``.</doc>
<arguments>
<arg>https://javascript-regex-validation-form.vercel.app/</arg>
<arg>chrome</arg>
</arguments>
<msg timestamp="20200912 10:21:14.312" level="INFO">Opening browser 'chrome' to base url 'https://javascript-regex-validation-form.vercel.app/'.</msg>
<status status="PASS" starttime="20200912 10:21:14.312" endtime="20200912 10:21:17.885"></status>
</kw>
<kw name="Sleep" library="BuiltIn">
<doc>Pauses the test executed for the given time.</doc>
<arguments>
<arg>1</arg>
</arguments>
<msg timestamp="20200912 10:21:18.888" level="INFO">Slept 1 second</msg>
<status status="PASS" starttime="20200912 10:21:17.886" endtime="20200912 10:21:18.888"></status>
</kw>
<kw name="Click Element" library="SeleniumLibrary">
<doc>Click the element identified by ``locator``.</doc>
<arguments>
<arg>id=name</arg>
</arguments>
<msg timestamp="20200912 10:21:18.889" level="INFO">Clicking element 'id=name'.</msg>
<status status="PASS" starttime="20200912 10:21:18.889" endtime="20200912 10:21:18.963"></status>
</kw>
<kw name="Sleep" library="BuiltIn">
<doc>Pauses the test executed for the given time.</doc>
<arguments>
<arg>1</arg>
</arguments>
<msg timestamp="20200912 10:21:19.964" level="INFO">Slept 1 second</msg>
<status status="PASS" starttime="20200912 10:21:18.963" endtime="20200912 10:21:19.964"></status>
</kw>
<kw name="Set Variable" library="BuiltIn">
<doc>Returns the given values which can then be assigned to a variables.</doc>
<arguments>
<arg>id=name</arg>
</arguments>
<assign>
<var>${"name"}</var>
</assign>
<msg timestamp="20200912 10:21:19.965" level="INFO">${"name"} = id=name</msg>
<status status="PASS" starttime="20200912 10:21:19.964" endtime="20200912 10:21:19.965"></status>
</kw>
<kw name="Element Should Be Visible" library="SeleniumLibrary">
<doc>Verifies that the element identified by ``locator`` is visible.</doc>
<arguments>
<arg>${"name"}</arg>
</arguments>
<msg timestamp="20200912 10:21:19.986" level="INFO">Element 'id=name' is displayed.</msg>
<status status="PASS" starttime="20200912 10:21:19.965" endtime="20200912 10:21:19.986"></status>
</kw>
<kw name="Element Should Be Enabled" library="SeleniumLibrary">
<doc>Verifies that element identified by ``locator`` is enabled.</doc>
<arguments>
<arg>${"name"}</arg>
</arguments>
<status status="PASS" starttime="20200912 10:21:19.987" endtime="20200912 10:21:20.003"></status>
</kw>
<kw name="Input Text" library="SeleniumLibrary">
<doc>Types the given ``text`` into the text field identified by ``locator``.</doc>
<arguments>
<arg>${"name"}</arg>
<arg>Luke</arg>
</arguments>
<msg timestamp="20200912 10:21:20.004" level="INFO">Typing text 'Luke' into text field 'id=name'.</msg>
<status status="PASS" starttime="20200912 10:21:20.004" endtime="20200912 10:21:20.085"></status>
</kw>
<kw name="Sleep" library="BuiltIn">
<doc>Pauses the test executed for the given time.</doc>
<arguments>
<arg>3</arg>
</arguments>
<msg timestamp="20200912 10:21:23.086" level="INFO">Slept 3 seconds</msg>
<status status="PASS" starttime="20200912 10:21:20.085" endtime="20200912 10:21:23.086"></status>
</kw>
<kw name="Close Browser" library="SeleniumLibrary">
<doc>Closes the current browser.</doc>
<status status="PASS" starttime="20200912 10:21:23.087" endtime="20200912 10:21:23.165"></status>
</kw>
<status status="PASS" starttime="20200912 10:21:14.311" endtime="20200912 10:21:23.165" critical="yes"></status>
</test>
<test id="s1-t2" name="POSTCODE VALIDATION">
<kw name="Open Browser" library="SeleniumLibrary">
<doc>Opens a new browser instance to the optional ``url``.</doc>
<arguments>
<arg>https://javascript-regex-validation-form.vercel.app/</arg>
<arg>chrome</arg>
</arguments>
<msg timestamp="20200912 10:21:23.167" level="INFO">Opening browser 'chrome' to base url 'https://javascript-regex-validation-form.vercel.app/'.</msg>
<status status="PASS" starttime="20200912 10:21:23.167" endtime="20200912 10:21:26.664"></status>
</kw>
<kw name="Sleep" library="BuiltIn">
<doc>Pauses the test executed for the given time.</doc>
<arguments>
<arg>1</arg>
</arguments>
<msg timestamp="20200912 10:21:27.666" level="INFO">Slept 1 second</msg>
<status status="PASS" starttime="20200912 10:21:26.665" endtime="20200912 10:21:27.666"></status>
</kw>
<kw name="Click Element" library="SeleniumLibrary">
<doc>Click the element identified by ``locator``.</doc>
<arguments>
<arg>id=postcode</arg>
</arguments>
<msg timestamp="20200912 10:21:27.667" level="INFO">Clicking element 'id=postcode'.</msg>
<status status="PASS" starttime="20200912 10:21:27.666" endtime="20200912 10:21:27.745"></status>
</kw>
<kw name="Sleep" library="BuiltIn">
<doc>Pauses the test executed for the given time.</doc>
<arguments>
<arg>1</arg>
</arguments>
<msg timestamp="20200912 10:21:28.747" level="INFO">Slept 1 second</msg>
<status status="PASS" starttime="20200912 10:21:27.746" endtime="20200912 10:21:28.747"></status>
</kw>
<kw name="Set Variable" library="BuiltIn">
<doc>Returns the given values which can then be assigned to a variables.</doc>
<arguments>
<arg>id=postcode</arg>
</arguments>
<assign>
<var>${"POSTCODE"}</var>
</assign>
<msg timestamp="20200912 10:21:28.748" level="INFO">${"POSTCODE"} = id=postcode</msg>
<status status="PASS" starttime="20200912 10:21:28.747" endtime="20200912 10:21:28.748"></status>
</kw>
<kw name="Element Should Be Visible" library="SeleniumLibrary">
<doc>Verifies that the element identified by ``locator`` is visible.</doc>
<arguments>
<arg>${"POSTCODE"}</arg>
</arguments>
<msg timestamp="20200912 10:21:28.768" level="INFO">Element 'id=postcode' is displayed.</msg>
<status status="PASS" starttime="20200912 10:21:28.749" endtime="20200912 10:21:28.768"></status>
</kw>
<kw name="Element Should Be Enabled" library="SeleniumLibrary">
<doc>Verifies that element identified by ``locator`` is enabled.</doc>
<arguments>
<arg>${"POSTCODE"}</arg>
</arguments>
<status status="PASS" starttime="20200912 10:21:28.768" endtime="20200912 10:21:28.785"></status>
</kw>
<kw name="Input Text" library="SeleniumLibrary">
<doc>Types the given ``text`` into the text field identified by ``locator``.</doc>
<arguments>
<arg>${"POSTCODE"}</arg>
<arg>S62HH</arg>
</arguments>
<msg timestamp="20200912 10:21:28.786" level="INFO">Typing text 'S62HH' into text field 'id=postcode'.</msg>
<status status="PASS" starttime="20200912 10:21:28.786" endtime="20200912 10:21:28.868"></status>
</kw>
<kw name="Sleep" library="BuiltIn">
<doc>Pauses the test executed for the given time.</doc>
<arguments>
<arg>3</arg>
</arguments>
<msg timestamp="20200912 10:21:31.870" level="INFO">Slept 3 seconds</msg>
<status status="PASS" starttime="20200912 10:21:28.868" endtime="20200912 10:21:31.870"></status>
</kw>
<kw name="Close Browser" library="SeleniumLibrary">
<doc>Closes the current browser.</doc>
<status status="PASS" starttime="20200912 10:21:31.871" endtime="20200912 10:21:31.947"></status>
</kw>
<status status="PASS" starttime="20200912 10:21:23.166" endtime="20200912 10:21:31.947" critical="yes"></status>
</test>
<test id="s1-t3" name="EMAIL VALIDATION">
<kw name="Open Browser" library="SeleniumLibrary">
<doc>Opens a new browser instance to the optional ``url``.</doc>
<arguments>
<arg>https://javascript-regex-validation-form.vercel.app/</arg>
<arg>chrome</arg>
</arguments>
<msg timestamp="20200912 10:21:31.949" level="INFO">Opening browser 'chrome' to base url 'https://javascript-regex-validation-form.vercel.app/'.</msg>
<status status="PASS" starttime="20200912 10:21:31.949" endtime="20200912 10:21:35.461"></status>
</kw>
<kw name="Sleep" library="BuiltIn">
<doc>Pauses the test executed for the given time.</doc>
<arguments>
<arg>1</arg>
</arguments>
<msg timestamp="20200912 10:21:36.463" level="INFO">Slept 1 second</msg>
<status status="PASS" starttime="20200912 10:21:35.462" endtime="20200912 10:21:36.463"></status>
</kw>
<kw name="Click Element" library="SeleniumLibrary">
<doc>Click the element identified by ``locator``.</doc>
<arguments>
<arg>id=email</arg>
</arguments>
<msg timestamp="20200912 10:21:36.464" level="INFO">Clicking element 'id=email'.</msg>
<status status="PASS" starttime="20200912 10:21:36.464" endtime="20200912 10:21:36.540"></status>
</kw>
<kw name="Sleep" library="BuiltIn">
<doc>Pauses the test executed for the given time.</doc>
<arguments>
<arg>1</arg>
</arguments>
<msg timestamp="20200912 10:21:37.542" level="INFO">Slept 1 second</msg>
<status status="PASS" starttime="20200912 10:21:36.540" endtime="20200912 10:21:37.542"></status>
</kw>
<kw name="Set Variable" library="BuiltIn">
<doc>Returns the given values which can then be assigned to a variables.</doc>
<arguments>
<arg>id=email</arg>
</arguments>
<assign>
<var>${"EMAIL"}</var>
</assign>
<msg timestamp="20200912 10:21:37.543" level="INFO">${"EMAIL"} = id=email</msg>
<status status="PASS" starttime="20200912 10:21:37.543" endtime="20200912 10:21:37.543"></status>
</kw>
<kw name="Element Should Be Visible" library="SeleniumLibrary">
<doc>Verifies that the element identified by ``locator`` is visible.</doc>
<arguments>
<arg>${"EMAIL"}</arg>
</arguments>
<msg timestamp="20200912 10:21:37.565" level="INFO">Element 'id=email' is displayed.</msg>
<status status="PASS" starttime="20200912 10:21:37.544" endtime="20200912 10:21:37.565"></status>
</kw>
<kw name="Element Should Be Enabled" library="SeleniumLibrary">
<doc>Verifies that element identified by ``locator`` is enabled.</doc>
<arguments>
<arg>${"EMAIL"}</arg>
</arguments>
<status status="PASS" starttime="20200912 10:21:37.565" endtime="20200912 10:21:37.580"></status>
</kw>
<kw name="Input Text" library="SeleniumLibrary">
<doc>Types the given ``text`` into the text field identified by ``locator``.</doc>
<arguments>
<arg>${"EMAIL"}</arg>
<arg>luke@hey.com</arg>
</arguments>
<msg timestamp="20200912 10:21:37.580" level="INFO">Typing text 'luke@hey.com' into text field 'id=email'.</msg>
<status status="PASS" starttime="20200912 10:21:37.580" endtime="20200912 10:21:37.670"></status>
</kw>
<kw name="Sleep" library="BuiltIn">
<doc>Pauses the test executed for the given time.</doc>
<arguments>
<arg>3</arg>
</arguments>
<msg timestamp="20200912 10:21:40.672" level="INFO">Slept 3 seconds</msg>
<status status="PASS" starttime="20200912 10:21:37.670" endtime="20200912 10:21:40.672"></status>
</kw>
<kw name="Close Browser" library="SeleniumLibrary">
<doc>Closes the current browser.</doc>
<status status="PASS" starttime="20200912 10:21:40.673" endtime="20200912 10:21:40.745"></status>
</kw>
<status status="PASS" starttime="20200912 10:21:31.948" endtime="20200912 10:21:40.745" critical="yes"></status>
</test>
<test id="s1-t4" name="PHONE VALIDATION">
<kw name="Open Browser" library="SeleniumLibrary">
<doc>Opens a new browser instance to the optional ``url``.</doc>
<arguments>
<arg>https://javascript-regex-validation-form.vercel.app/</arg>
<arg>chrome</arg>
</arguments>
<msg timestamp="20200912 10:21:40.747" level="INFO">Opening browser 'chrome' to base url 'https://javascript-regex-validation-form.vercel.app/'.</msg>
<status status="PASS" starttime="20200912 10:21:40.747" endtime="20200912 10:21:44.327"></status>
</kw>
<kw name="Sleep" library="BuiltIn">
<doc>Pauses the test executed for the given time.</doc>
<arguments>
<arg>1</arg>
</arguments>
<msg timestamp="20200912 10:21:45.331" level="INFO">Slept 1 second</msg>
<status status="PASS" starttime="20200912 10:21:44.328" endtime="20200912 10:21:45.331"></status>
</kw>
<kw name="Click Element" library="SeleniumLibrary">
<doc>Click the element identified by ``locator``.</doc>
<arguments>
<arg>id=phone</arg>
</arguments>
<msg timestamp="20200912 10:21:45.332" level="INFO">Clicking element 'id=phone'.</msg>
<status status="PASS" starttime="20200912 10:21:45.332" endtime="20200912 10:21:45.406"></status>
</kw>
<kw name="Sleep" library="BuiltIn">
<doc>Pauses the test executed for the given time.</doc>
<arguments>
<arg>1</arg>
</arguments>
<msg timestamp="20200912 10:21:46.407" level="INFO">Slept 1 second</msg>
<status status="PASS" starttime="20200912 10:21:45.406" endtime="20200912 10:21:46.408"></status>
</kw>
<kw name="Sleep" library="BuiltIn">
<doc>Pauses the test executed for the given time.</doc>
<arguments>
<arg>1</arg>
</arguments>
<msg timestamp="20200912 10:21:47.409" level="INFO">Slept 1 second</msg>
<status status="PASS" starttime="20200912 10:21:46.408" endtime="20200912 10:21:47.410"></status>
</kw>
<kw name="Set Variable" library="BuiltIn">
<doc>Returns the given values which can then be assigned to a variables.</doc>
<arguments>
<arg>id=phone</arg>
</arguments>
<assign>
<var>${"PHONE"}</var>
</assign>
<msg timestamp="20200912 10:21:47.411" level="INFO">${"PHONE"} = id=phone</msg>
<status status="PASS" starttime="20200912 10:21:47.410" endtime="20200912 10:21:47.411"></status>
</kw>
<kw name="Element Should Be Visible" library="SeleniumLibrary">
<doc>Verifies that the element identified by ``locator`` is visible.</doc>
<arguments>
<arg>${"PHONE"}</arg>
</arguments>
<msg timestamp="20200912 10:21:47.433" level="INFO">Element 'id=phone' is displayed.</msg>
<status status="PASS" starttime="20200912 10:21:47.411" endtime="20200912 10:21:47.433"></status>
</kw>
<kw name="Element Should Be Enabled" library="SeleniumLibrary">
<doc>Verifies that element identified by ``locator`` is enabled.</doc>
<arguments>
<arg>${"PHONE"}</arg>
</arguments>
<status status="PASS" starttime="20200912 10:21:47.433" endtime="20200912 10:21:47.450"></status>
</kw>
<kw name="Input Text" library="SeleniumLibrary">
<doc>Types the given ``text`` into the text field identified by ``locator``.</doc>
<arguments>
<arg>${"PHONE"}</arg>
<arg>+4407426441486</arg>
</arguments>
<msg timestamp="20200912 10:21:47.451" level="INFO">Typing text '+4407426441486' into text field 'id=phone'.</msg>
<status status="PASS" starttime="20200912 10:21:47.451" endtime="20200912 10:21:47.540"></status>
</kw>
<kw name="Sleep" library="BuiltIn">
<doc>Pauses the test executed for the given time.</doc>
<arguments>
<arg>3</arg>
</arguments>
<msg timestamp="20200912 10:21:50.541" level="INFO">Slept 3 seconds</msg>
<status status="PASS" starttime="20200912 10:21:47.541" endtime="20200912 10:21:50.541"></status>
</kw>
<kw name="Close Browser" library="SeleniumLibrary">
<doc>Closes the current browser.</doc>
<status status="PASS" starttime="20200912 10:21:50.541" endtime="20200912 10:21:50.613"></status>
</kw>
<status status="PASS" starttime="20200912 10:21:40.746" endtime="20200912 10:21:50.614" critical="yes"></status>
</test>
<kw name="Run Keywords" library="BuiltIn" type="teardown">
<doc>Executes all the given keywords in a sequence.</doc>
<arguments>
<arg>Close Browser</arg>
</arguments>
<kw name="Close Browser" library="SeleniumLibrary">
<doc>Closes the current browser.</doc>
<status status="PASS" starttime="20200912 10:21:50.616" endtime="20200912 10:21:50.616"></status>
</kw>
<status status="PASS" starttime="20200912 10:21:50.615" endtime="20200912 10:21:50.616"></status>
</kw>
<status status="PASS" starttime="20200912 10:21:14.092" endtime="20200912 10:21:50.616"></status>
</suite>
<statistics>
<total>
<stat pass="4" fail="0">Critical Tests</stat>
<stat pass="4" fail="0">All Tests</stat>
</total>
<tag>
</tag>
<suite>
<stat pass="4" fail="0" id="s1" name="Tests">Tests</stat>
</suite>
</statistics>
<errors>
</errors>
</robot>
